<?xml version="1.0" encoding="UTF-8"?>
<!-- Generated by org.testng.reporters.JUnitXMLReporter -->
<testsuite ignored="0" hostname="LAPTOP-FJTGI5L7" failures="1" tests="4" name="Test1" time="0.243" errors="0" timestamp="2021-01-16T20:35:12 EST">
  <testcase classname="Practice.CrigList" name="Description" time="0.007"/>
  <testcase classname="Practice.CrigList" name="Parameter" time="0.0">
    <failure type="org.testng.TestNGException" message="
Parameter &amp;apos;browser&amp;apos; is required by @Test on method Parameter but has not been marked @Optional or defined
in I:\Selenium Poject\CompletFramWork\testng_Parallel.xml">
      <![CDATA[org.testng.TestNGException: 
Parameter 'browser' is required by @Test on method Parameter but has not been marked @Optional or defined
in I:\Selenium Poject\CompletFramWork\testng_Parallel.xml
at java.base/java.util.ArrayList.forEach(ArrayList.java:1541)
at java.base/java.util.concurrent.FutureTask.run(FutureTask.java:264)
at java.base/java.util.concurrent.ThreadPoolExecutor.runWorker(ThreadPoolExecutor.java:1128)
at java.base/java.util.concurrent.ThreadPoolExecutor$Worker.run(ThreadPoolExecutor.java:628)
at java.base/java.lang.Thread.run(Thread.java:834)
... Removed 17 stack frames]]>
    </failure>
  </testcase> <!-- Parameter -->
  <testcase classname="Practice.CrigList" name="Testc1" time="0.005"/>
  <testcase classname="Practice.CrigList" name="postIphone1" time="0.002"/>
</testsuite> <!-- Test1 -->
