<?xml version="1.0" encoding="UTF-8"?>
<!-- Generated by org.testng.reporters.JUnitReportReporter -->
<testsuite skipped="1" hostname="KarimHp" name="Guru.logtestng" tests="2" failures="0" timestamp="2020-12-11T12:06:50 EST" time="11.340" errors="1">
  <testcase name="initilizeDriver" time="11.340" classname="Guru.logtestng">
    <error type="org.openqa.selenium.SessionNotCreatedException" message="session not created: This version of ChromeDriver only supports Chrome version 80
Build info: version: &#039;3.141.59&#039;, revision: &#039;e82be7d358&#039;, time: &#039;2018-11-14T08:17:03&#039;
System info: host: &#039;KARIMHP&#039;, ip: &#039;192.168.0.13&#039;, os.name: &#039;Windows 10&#039;, os.arch: &#039;amd64&#039;, os.version: &#039;10.0&#039;, java.version: &#039;1.8.0_221&#039;
Driver info: driver.version: ChromeDriver
remote stacktrace: Backtrace:
	Ordinal0 [0x01190C83+1707139]
	Ordinal0 [0x010F68F1+1075441]
	Ordinal0 [0x0106DFC9+516041]
	Ordinal0 [0x01000554+66900]
	Ordinal0 [0x00FFCCE2+52450]
	Ordinal0 [0x0101BFD7+180183]
	Ordinal0 [0x0101BDDD+179677]
	Ordinal0 [0x01019D4B+171339]
	Ordinal0 [0x01001D4A+73034]
	Ordinal0 [0x01002DC0+77248]
	Ordinal0 [0x01002D59+77145]
	Ordinal0 [0x0110BB67+1162087]
	GetHandleVerifier [0x0122A966+508998]
	GetHandleVerifier [0x0122A6A4+508292]
	GetHandleVerifier [0x0123F7B7+594583]
	GetHandleVerifier [0x0122B1D6+511158]
	Ordinal0 [0x0110402C+1130540]
	Ordinal0 [0x0110D4CB+1168587]
	Ordinal0 [0x0110D633+1168947]
	Ordinal0 [0x01125B35+1268533]
	BaseThreadInitThunk [0x75E2FA29+25]
	RtlGetAppContainerNamedObjectPath [0x777C75F4+228]
	RtlGetAppContainerNamedObjectPath [0x777C75C4+180]
">
      <![CDATA[org.openqa.selenium.SessionNotCreatedException: session not created: This version of ChromeDriver only supports Chrome version 80
Build info: version: '3.141.59', revision: 'e82be7d358', time: '2018-11-14T08:17:03'
System info: host: 'KARIMHP', ip: '192.168.0.13', os.name: 'Windows 10', os.arch: 'amd64', os.version: '10.0', java.version: '1.8.0_221'
Driver info: driver.version: ChromeDriver
remote stacktrace: Backtrace:
Ordinal0 [0x01190C83+1707139]
Ordinal0 [0x010F68F1+1075441]
Ordinal0 [0x0106DFC9+516041]
Ordinal0 [0x01000554+66900]
Ordinal0 [0x00FFCCE2+52450]
Ordinal0 [0x0101BFD7+180183]
Ordinal0 [0x0101BDDD+179677]
Ordinal0 [0x01019D4B+171339]
Ordinal0 [0x01001D4A+73034]
Ordinal0 [0x01002DC0+77248]
Ordinal0 [0x01002D59+77145]
Ordinal0 [0x0110BB67+1162087]
GetHandleVerifier [0x0122A966+508998]
GetHandleVerifier [0x0122A6A4+508292]
GetHandleVerifier [0x0123F7B7+594583]
GetHandleVerifier [0x0122B1D6+511158]
Ordinal0 [0x0110402C+1130540]
Ordinal0 [0x0110D4CB+1168587]
Ordinal0 [0x0110D633+1168947]
Ordinal0 [0x01125B35+1268533]
BaseThreadInitThunk [0x75E2FA29+25]
RtlGetAppContainerNamedObjectPath [0x777C75F4+228]
RtlGetAppContainerNamedObjectPath [0x777C75C4+180]

at sun.reflect.NativeConstructorAccessorImpl.newInstance0(Native Method)
at sun.reflect.NativeConstructorAccessorImpl.newInstance(Unknown Source)
at sun.reflect.DelegatingConstructorAccessorImpl.newInstance(Unknown Source)
at java.lang.reflect.Constructor.newInstance(Unknown Source)
at org.openqa.selenium.remote.W3CHandshakeResponse.lambda$errorHandler$0(W3CHandshakeResponse.java:62)
at org.openqa.selenium.remote.HandshakeResponse.lambda$getResponseFunction$0(HandshakeResponse.java:30)
at org.openqa.selenium.remote.ProtocolHandshake.lambda$createSession$0(ProtocolHandshake.java:126)
at java.util.stream.ReferencePipeline$3$1.accept(Unknown Source)
at java.util.Spliterators$ArraySpliterator.tryAdvance(Unknown Source)
at java.util.stream.ReferencePipeline.forEachWithCancel(Unknown Source)
at java.util.stream.AbstractPipeline.copyIntoWithCancel(Unknown Source)
at java.util.stream.AbstractPipeline.copyInto(Unknown Source)
at java.util.stream.AbstractPipeline.wrapAndCopyInto(Unknown Source)
at java.util.stream.FindOps$FindOp.evaluateSequential(Unknown Source)
at java.util.stream.AbstractPipeline.evaluate(Unknown Source)
at java.util.stream.ReferencePipeline.findFirst(Unknown Source)
at org.openqa.selenium.remote.ProtocolHandshake.createSession(ProtocolHandshake.java:128)
at org.openqa.selenium.remote.ProtocolHandshake.createSession(ProtocolHandshake.java:74)
at org.openqa.selenium.remote.HttpCommandExecutor.execute(HttpCommandExecutor.java:136)
at org.openqa.selenium.remote.service.DriverCommandExecutor.execute(DriverCommandExecutor.java:83)
at org.openqa.selenium.remote.RemoteWebDriver.execute(RemoteWebDriver.java:552)
at org.openqa.selenium.remote.RemoteWebDriver.startSession(RemoteWebDriver.java:213)
at org.openqa.selenium.remote.RemoteWebDriver.<init>(RemoteWebDriver.java:131)
at org.openqa.selenium.chrome.ChromeDriver.<init>(ChromeDriver.java:181)
at org.openqa.selenium.chrome.ChromeDriver.<init>(ChromeDriver.java:168)
at org.openqa.selenium.chrome.ChromeDriver.<init>(ChromeDriver.java:123)
at Common.BaseClass.initilizeDriver(BaseClass.java:334)
at sun.reflect.NativeMethodAccessorImpl.invoke0(Native Method)
at sun.reflect.NativeMethodAccessorImpl.invoke(Unknown Source)
at sun.reflect.DelegatingMethodAccessorImpl.invoke(Unknown Source)
at java.lang.reflect.Method.invoke(Unknown Source)
at org.testng.internal.MethodInvocationHelper.invokeMethod(MethodInvocationHelper.java:133)
at org.testng.internal.MethodInvocationHelper.invokeMethodConsideringTimeout(MethodInvocationHelper.java:62)
at org.testng.internal.ConfigInvoker.invokeConfigurationMethod(ConfigInvoker.java:340)
at org.testng.internal.ConfigInvoker.invokeConfigurations(ConfigInvoker.java:294)
at org.testng.internal.TestMethodWorker.invokeBeforeClassMethods(TestMethodWorker.java:176)
at org.testng.internal.TestMethodWorker.run(TestMethodWorker.java:122)
at java.util.ArrayList.forEach(Unknown Source)
at org.testng.TestRunner.privateRun(TestRunner.java:770)
at org.testng.TestRunner.run(TestRunner.java:591)
at org.testng.SuiteRunner.runTest(SuiteRunner.java:402)
at org.testng.SuiteRunner.runSequentially(SuiteRunner.java:396)
at org.testng.SuiteRunner.privateRun(SuiteRunner.java:355)
at org.testng.SuiteRunner.run(SuiteRunner.java:304)
at org.testng.SuiteRunnerWorker.runSuite(SuiteRunnerWorker.java:53)
at org.testng.SuiteRunnerWorker.run(SuiteRunnerWorker.java:96)
at org.testng.TestNG.runSuitesSequentially(TestNG.java:1180)
at org.testng.TestNG.runSuitesLocally(TestNG.java:1102)
at org.testng.TestNG.runSuites(TestNG.java:1032)
at org.testng.TestNG.run(TestNG.java:1000)
at org.testng.remote.AbstractRemoteTestNG.run(AbstractRemoteTestNG.java:115)
at org.testng.remote.RemoteTestNG.initAndRun(RemoteTestNG.java:251)
at org.testng.remote.RemoteTestNG.main(RemoteTestNG.java:77)
]]>
    </error>
  </testcase> <!-- initilizeDriver -->
  <testcase name="demo" time="0.000" classname="Guru.logtestng">
    <skipped/>
  </testcase> <!-- demo -->
</testsuite> <!-- Guru.logtestng -->
